<?xml version="1.0" encoding="UTF-8"?>
<!-- Generated by org.testng.reporters.JUnitReportReporter -->
<testsuite hostname="DESKTOP-4F0FD2D" failures="0" tests="2" name="testCases.TC001_AccountRegistrationTest" time="10.828" errors="1" timestamp="2026-05-07T14:35:30 IST" skipped="1">
  <testcase classname="testCases.TC001_AccountRegistrationTest" name="setup" time="10.828">
    <error message="Could not start a new session. Possible causes are invalid address of the remote server or browser start-up failure. HTTP connect timed out 
Host info: host: &#039;DESKTOP-4F0FD2D&#039;, ip: &#039;192.168.31.64&#039;" type="org.openqa.selenium.SessionNotCreatedException">
      <![CDATA[org.openqa.selenium.SessionNotCreatedException: Could not start a new session. Possible causes are invalid address of the remote server or browser start-up failure. HTTP connect timed out 
Host info: host: 'DESKTOP-4F0FD2D', ip: '192.168.31.64'
at org.openqa.selenium.remote.RemoteWebDriver.execute(RemoteWebDriver.java:622)
at org.openqa.selenium.remote.RemoteWebDriver.startSession(RemoteWebDriver.java:286)
at org.openqa.selenium.remote.RemoteWebDriver.<init>(RemoteWebDriver.java:209)
at org.openqa.selenium.remote.RemoteWebDriver.<init>(RemoteWebDriver.java:169)
at org.openqa.selenium.remote.RemoteWebDriver.<init>(RemoteWebDriver.java:165)
at testBase.baseClass.setup(baseClass.java:74)
at java.base/jdk.internal.reflect.NativeMethodAccessorImpl.invoke0(Native Method)
at java.base/jdk.internal.reflect.NativeMethodAccessorImpl.invoke(NativeMethodAccessorImpl.java:77)
at java.base/jdk.internal.reflect.DelegatingMethodAccessorImpl.invoke(DelegatingMethodAccessorImpl.java:43)
at java.base/java.lang.reflect.Method.invoke(Method.java:568)
at org.testng.internal.invokers.MethodInvocationHelper.invokeMethod(MethodInvocationHelper.java:141)
at org.testng.internal.invokers.MethodInvocationHelper.invokeMethodConsideringTimeout(MethodInvocationHelper.java:71)
at org.testng.internal.invokers.ConfigInvoker.invokeConfigurationMethod(ConfigInvoker.java:400)
at org.testng.internal.invokers.ConfigInvoker.invokeConfigurations(ConfigInvoker.java:333)
at org.testng.internal.invokers.TestMethodWorker.invokeBeforeClassMethods(TestMethodWorker.java:188)
at org.testng.internal.invokers.TestMethodWorker.run(TestMethodWorker.java:128)
at java.base/java.util.ArrayList.forEach(ArrayList.java:1511)
at org.testng.TestRunner.privateRun(TestRunner.java:739)
at org.testng.TestRunner.run(TestRunner.java:614)
at org.testng.SuiteRunner.runTest(SuiteRunner.java:421)
at org.testng.SuiteRunner.runSequentially(SuiteRunner.java:413)
at org.testng.SuiteRunner.privateRun(SuiteRunner.java:373)
at org.testng.SuiteRunner.run(SuiteRunner.java:312)
at org.testng.SuiteRunnerWorker.runSuite(SuiteRunnerWorker.java:52)
at org.testng.SuiteRunnerWorker.run(SuiteRunnerWorker.java:95)
at org.testng.TestNG.runSuitesSequentially(TestNG.java:1274)
at org.testng.TestNG.runSuitesLocally(TestNG.java:1208)
at org.testng.TestNG.runSuites(TestNG.java:1112)
at org.testng.TestNG.run(TestNG.java:1079)
at org.testng.remote.AbstractRemoteTestNG.run(AbstractRemoteTestNG.java:115)
at org.testng.remote.RemoteTestNG.initAndRun(RemoteTestNG.java:293)
at org.testng.remote.RemoteTestNG.main(RemoteTestNG.java:91)
Caused by: org.openqa.selenium.TimeoutException: java.net.http.HttpConnectTimeoutException: HTTP connect timed out
Build info: version: '4.40.0', revision: 'b3333f1'
System info: os.name: 'Windows 11', os.arch: 'amd64', os.version: '10.0', java.version: '17.0.15'
Driver info: driver.version: unknown
at org.openqa.selenium.remote.http.jdk.JdkHttpClient.execute0(JdkHttpClient.java:501)
at org.openqa.selenium.remote.http.AddSeleniumUserAgent.lambda$apply$0(AddSeleniumUserAgent.java:44)
at org.openqa.selenium.remote.http.Filter.lambda$andFinally$1(Filter.java:55)
at org.openqa.selenium.remote.http.jdk.JdkHttpClient.lambda$executeAsync$2(JdkHttpClient.java:388)
at java.base/java.util.concurrent.Executors$RunnableAdapter.call(Executors.java:539)
at java.base/java.util.concurrent.FutureTask.run(FutureTask.java:264)
at java.base/java.util.concurrent.ThreadPoolExecutor.runWorker(ThreadPoolExecutor.java:1136)
at java.base/java.util.concurrent.ThreadPoolExecutor$Worker.run(ThreadPoolExecutor.java:635)
at java.base/java.lang.Thread.run(Thread.java:842)
Caused by: java.net.http.HttpConnectTimeoutException: HTTP connect timed out
at java.net.http/jdk.internal.net.http.HttpClientImpl.send(HttpClientImpl.java:568)
at java.net.http/jdk.internal.net.http.HttpClientFacade.send(HttpClientFacade.java:123)
at org.openqa.selenium.remote.http.jdk.JdkHttpClient.execute0(JdkHttpClient.java:462)
... 8 more
Caused by: java.net.http.HttpConnectTimeoutException: HTTP connect timed out
at java.net.http/jdk.internal.net.http.MultiExchange.toTimeoutException(MultiExchange.java:580)
at java.net.http/jdk.internal.net.http.MultiExchange.getExceptionalCF(MultiExchange.java:527)
at java.net.http/jdk.internal.net.http.MultiExchange.lambda$responseAsyncImpl$7(MultiExchange.java:447)
at java.base/java.util.concurrent.CompletableFuture.uniHandle(CompletableFuture.java:934)
at java.base/java.util.concurrent.CompletableFuture$UniHandle.tryFire(CompletableFuture.java:911)
at java.base/java.util.concurrent.CompletableFuture.postComplete(CompletableFuture.java:510)
at java.base/java.util.concurrent.CompletableFuture.completeExceptionally(CompletableFuture.java:2162)
at java.net.http/jdk.internal.net.http.Http1Exchange.lambda$cancelImpl$9(Http1Exchange.java:492)
... 3 more
Caused by: java.net.ConnectException: HTTP connect timed out
at java.net.http/jdk.internal.net.http.MultiExchange.toTimeoutException(MultiExchange.java:581)
... 10 more
]]>
    </error>
  </testcase> <!-- setup -->
  <testcase classname="testCases.TC001_AccountRegistrationTest" name="verify_account_registration" time="0.000">
    <skipped/>
  </testcase> <!-- verify_account_registration -->
</testsuite> <!-- testCases.TC001_AccountRegistrationTest -->
